<?xml version="1.0" encoding="UTF-8"?>
<!-- Generated by org.testng.reporters.JUnitXMLReporter -->
<testsuite hostname="LAPTOP-6VPRT40J" ignored="0" name="用户余额与支付模块" tests="3" failures="0" timestamp="21 九月 2025 15:22:18 GMT" time="43.531" errors="0">
  <testcase name="TC_B1_SufficientBalanceOrderSuccess" time="9.533" classname="cn.xiaoli.testSuites.OrderPaymentTest"/>
  <testcase name="TC_B2_ZeroBalanceOrderFail" time="13.008" classname="cn.xiaoli.testSuites.OrderPaymentTest"/>
  <testcase name="TC_B3_InsufficientBalanceOrderFail" time="12.527" classname="cn.xiaoli.testSuites.OrderPaymentTest"/>
</testsuite> <!-- 用户余额与支付模块 -->
