<?xml version="1.0" encoding="UTF-8"?>
<!-- Generated by org.testng.reporters.JUnitXMLReporter -->
<testsuite hostname="LAPTOP-6VPRT40J" ignored="0" name="用户权限与下单模块" tests="3" failures="0" timestamp="21 九月 2025 15:21:35 GMT" time="23.929" errors="0">
  <testcase name="TC_A1_UnloggedUserTryToOrder" time="1.111" classname="cn.xiaoli.testSuites.OrderPermissionTest"/>
  <testcase name="TC_A2_NormalUserTryToOrder" time="3.955" classname="cn.xiaoli.testSuites.OrderPermissionTest"/>
  <testcase name="TC_A3_NonNormalUserTryToOrder" time="11.066" classname="cn.xiaoli.testSuites.OrderPermissionTest"/>
</testsuite> <!-- 用户权限与下单模块 -->
