<?xml version="1.0" encoding="UTF-8"?>
<!-- Generated by org.testng.reporters.JUnitXMLReporter -->
<testsuite hostname="LAPTOP-6VPRT40J" ignored="0" name="登录模块" tests="5" failures="0" timestamp="21 九月 2025 15:21:11 GMT" time="32.15" errors="0">
  <testcase name="testLogin" time="3.408" classname="cn.xiaoli.testSuites.UserLoginDataTest"/>
  <testcase name="testLogin" time="3.394" classname="cn.xiaoli.testSuites.UserLoginDataTest"/>
  <testcase name="testLogin" time="3.355" classname="cn.xiaoli.testSuites.UserLoginDataTest"/>
  <testcase name="testLogin" time="3.328" classname="cn.xiaoli.testSuites.UserLoginDataTest"/>
  <testcase name="testLogin" time="3.423" classname="cn.xiaoli.testSuites.UserLoginDataTest"/>
</testsuite> <!-- 登录模块 -->
