<?xml version="1.0" encoding="UTF-8"?>
<testsuite xmlns:xsi="http://www.w3.org/2001/XMLSchema-instance" xsi:noNamespaceSchemaLocation="https://maven.apache.org/surefire/maven-surefire-plugin/xsd/surefire-test-report.xsd" name="TestSuite" time="100.421" tests="11" errors="0" skipped="0" failures="0">
  <properties>
[...]
</properties>
  <testcase name="testLogin" classname="cn.xiaoli.testSuites.UserLoginDataTest" time="3.394"/>
  <testcase name="testLogin" classname="cn.xiaoli.testSuites.UserLoginDataTest" time="3.393"/>
  <testcase name="testLogin" classname="cn.xiaoli.testSuites.UserLoginDataTest" time="3.354"/>
  <testcase name="testLogin" classname="cn.xiaoli.testSuites.UserLoginDataTest" time="3.327"/>
  <testcase name="testLogin" classname="cn.xiaoli.testSuites.UserLoginDataTest" time="3.423"/>
  <testcase name="TC_A1_UnloggedUserTryToOrder" classname="cn.xiaoli.testSuites.OrderPermissionTest" time="1.107"/>
  <testcase name="TC_A2_NormalUserTryToOrder" classname="cn.xiaoli.testSuites.OrderPermissionTest" time="3.954"/>
  <testcase name="TC_A3_NonNormalUserTryToOrder" classname="cn.xiaoli.testSuites.OrderPermissionTest" time="11.065"/>
  <testcase name="TC_B1_SufficientBalanceOrderSuccess" classname="cn.xiaoli.testSuites.OrderPaymentTest" time="9.534"/>
  <testcase name="TC_B2_ZeroBalanceOrderFail" classname="cn.xiaoli.testSuites.OrderPaymentTest" time="13.008"/>
  <testcase name="TC_B3_InsufficientBalanceOrderFail" classname="cn.xiaoli.testSuites.OrderPaymentTest" time="12.528"/>
</testsuite>